<?xml version="1.0" encoding="UTF-8"?>
<testsuite xmlns:xsi="http://www.w3.org/2001/XMLSchema-instance" xsi:noNamespaceSchemaLocation="https://maven.apache.org/surefire/maven-surefire-plugin/xsd/surefire-test-report.xsd" name="lection.NumberUtilTest" time="0.041" tests="23" errors="0" skipped="0" failures="0">
  <properties>
[...]
</properties>
  <testcase name="testGcd{int, int, int}[1]" classname="lection.NumberUtilTest$TestGcd" time="0.001"/>
  <testcase name="testGcd{int, int, int}[2]" classname="lection.NumberUtilTest$TestGcd" time="0.001"/>
  <testcase name="testGcd{int, int, int}[3]" classname="lection.NumberUtilTest$TestGcd" time="0.001"/>
  <testcase name="test_composite_random_numbers{int}[1]" classname="lection.NumberUtilTest$TestIsSimple" time="0"/>
  <testcase name="test_composite_random_numbers{int}[2]" classname="lection.NumberUtilTest$TestIsSimple" time="0.001"/>
  <testcase name="test_composite_random_numbers{int}[3]" classname="lection.NumberUtilTest$TestIsSimple" time="0"/>
  <testcase name="test_composite_random_numbers{int}[4]" classname="lection.NumberUtilTest$TestIsSimple" time="0"/>
  <testcase name="test_composite_random_numbers{int}[5]" classname="lection.NumberUtilTest$TestIsSimple" time="0"/>
  <testcase name="test_composite_random_numbers{int}[6]" classname="lection.NumberUtilTest$TestIsSimple" time="0"/>
  <testcase name="test_composite_random_numbers{int}[7]" classname="lection.NumberUtilTest$TestIsSimple" time="0.001"/>
  <testcase name="test_composite_random_numbers{int}[8]" classname="lection.NumberUtilTest$TestIsSimple" time="0.001"/>
  <testcase name="test_composite_random_numbers{int}[9]" classname="lection.NumberUtilTest$TestIsSimple" time="0.001"/>
  <testcase name="test_composite_random_numbers{int}[10]" classname="lection.NumberUtilTest$TestIsSimple" time="0.001"/>
  <testcase name="test_on_not_simples{int}[1]" classname="lection.NumberUtilTest$TestIsSimple" time="0.001"/>
  <testcase name="test_on_not_simples{int}[2]" classname="lection.NumberUtilTest$TestIsSimple" time="0"/>
  <testcase name="test_on_not_simples{int}[3]" classname="lection.NumberUtilTest$TestIsSimple" time="0.001"/>
  <testcase name="test_on_not_simples{int}[4]" classname="lection.NumberUtilTest$TestIsSimple" time="0"/>
  <testcase name="test_on_simples{int}[1]" classname="lection.NumberUtilTest$TestIsSimple" time="0"/>
  <testcase name="test_on_simples{int}[2]" classname="lection.NumberUtilTest$TestIsSimple" time="0.001"/>
  <testcase name="test_on_simples{int}[3]" classname="lection.NumberUtilTest$TestIsSimple" time="0"/>
  <testcase name="test_on_simples{int}[4]" classname="lection.NumberUtilTest$TestIsSimple" time="0"/>
  <testcase name="test_on_simples{int}[5]" classname="lection.NumberUtilTest$TestIsSimple" time="0.001"/>
  <testcase name="test_on_simples{int}[6]" classname="lection.NumberUtilTest$TestIsSimple" time="0"/>
</testsuite>